<?xml version="1.0" encoding="UTF-8"?>
<!-- Generated by org.testng.reporters.JUnitReportReporter -->
<testsuite hostname="ManoharPC" name="testcases.Magnetotest" tests="1" failures="0" timestamp="12 Aug 2020 05:51:51 GMT" time="51.892" errors="0">
  <testcase name="magneto" time="51.892" classname="testcases.Magnetotest"/>
</testsuite> <!-- testcases.Magnetotest -->
