<?xml version="1.0" encoding="UTF-8"?>
<!-- Generated by org.testng.reporters.JUnitReportReporter -->
<testsuite hostname="ManoharPC" name="swaglabstestcases.SystemTesting" tests="1" failures="0" timestamp="15 Aug 2020 15:34:59 GMT" time="9.013" errors="0">
  <testcase name="buyproductscenario" time="9.013" classname="swaglabstestcases.SystemTesting"/>
</testsuite> <!-- swaglabstestcases.SystemTesting -->
