<?xml version="1.0" encoding="UTF-8"?>
<!-- Generated by org.testng.reporters.JUnitReportReporter -->
<testsuite hostname="ManoharPC" name="testcases.Magnetotest" tests="1" failures="0" timestamp="12 Aug 2020 05:59:12 GMT" time="32.548" errors="0">
  <testcase name="magneto" time="32.548" classname="testcases.Magnetotest"/>
</testsuite> <!-- testcases.Magnetotest -->
