<?xml version="1.0" encoding="UTF-8"?>
<!-- Generated by org.testng.reporters.JUnitReportReporter -->
<testsuite hostname="ManoharPC" name="testcases.Regressiontest" tests="1" failures="0" timestamp="12 Aug 2020 10:03:46 GMT" time="0.001" errors="0">
  <testcase name="regression" time="0.001" classname="testcases.Regressiontest"/>
</testsuite> <!-- testcases.Regressiontest -->
