<?xml version="1.0" encoding="UTF-8"?>
<!-- Generated by org.testng.reporters.JUnitReportReporter -->
<testsuite hostname="ManoharPC" name="magnetoapptestcases.Loginfunctionality" tests="1" failures="0" timestamp="14 Aug 2020 14:36:08 GMT" time="139.106" errors="0">
  <testcase name="Verifyloginfunctionality" time="139.106" classname="magnetoapptestcases.Loginfunctionality"/>
</testsuite> <!-- magnetoapptestcases.Loginfunctionality -->
