<?xml version="1.0" encoding="UTF-8"?>
<!-- Generated by org.testng.reporters.JUnitReportReporter -->
<testsuite hostname="ManoharPC" name="swaglabstestcases.Validationtesting" tests="2" failures="0" timestamp="29 Aug 2020 11:32:47 GMT" time="2.346" errors="0">
  <testcase name="verifyapptitle" time="0.015" classname="swaglabstestcases.Validationtesting"/>
  <testcase name="validatenavbar" time="2.331" classname="swaglabstestcases.Validationtesting"/>
</testsuite> <!-- swaglabstestcases.Validationtesting -->
