<?xml version="1.0" encoding="UTF-8"?>
<!-- Generated by org.testng.reporters.JUnitReportReporter -->
<testsuite hostname="ManoharPC" name="swaglabstestcases.SystemTesting" tests="1" failures="0" timestamp="29 Aug 2020 13:14:03 GMT" time="16.964" errors="0">
  <testcase name="buyproductscenario" time="16.964" classname="swaglabstestcases.SystemTesting"/>
</testsuite> <!-- swaglabstestcases.SystemTesting -->
