<?xml version="1.0" encoding="UTF-8"?>
<!-- Generated by org.testng.reporters.JUnitReportReporter -->
<testsuite hostname="ManoharPC" name="testcases.Smoketest" tests="1" failures="0" timestamp="12 Aug 2020 10:03:46 GMT" time="0.027" errors="0">
  <testcase name="smoke" time="0.027" classname="testcases.Smoketest"/>
</testsuite> <!-- testcases.Smoketest -->
