<?xml version="1.0" encoding="UTF-8"?>
<!-- Generated by org.testng.reporters.JUnitReportReporter -->
<testsuite hostname="ManoharPC" name="testcases.Pommagneto" tests="1" failures="0" timestamp="13 Aug 2020 07:05:02 GMT" time="49.287" errors="0">
  <testcase name="Validateloginfunctionality" time="49.287" classname="testcases.Pommagneto"/>
</testsuite> <!-- testcases.Pommagneto -->
